0	 (I)  	Thread ID 54812	Log subsystem started in elapsed time mode.
16	 (I)  	Thread ID 54716	Service thread started
406	 (i)  	Thread ID 54716	Temporary rendering context created
421	 (I)  	Thread ID 54716	Getting OpenGL entry points and extension
421	 (I)  	Thread ID 54716	
421	 (i)  	Thread ID 54716	OpenGL rendering context information:
421	 (i)  	Thread ID 54716	Renderer     : Intel(R) HD Graphics 4000
421	 (i)  	Thread ID 54716	Vendor       : Intel
421	 (i)  	Thread ID 54716	Version      : 3.3.0 - Build 8.15.10.2778
421	 (i)  	Thread ID 54716	GLSL version : 3.30 - Intel Build 8.15.10.2778
421	 (I)  	Thread ID 54716	
437	 (I)  	Thread ID 54716	Getting OpenGL entry points and extension
453	 (i)  	Thread ID 54716	Backward compatible core PBuffer context successfully created
453	 (I)  	Thread ID 54716	Service context successfuly initialized
484	 (i)  	Thread ID 54812	Temporary rendering context created
484	 (I)  	Thread ID 54812	Getting OpenGL entry points and extension
484	 (i)  	Thread ID 54812	Temporary rendering context destroyed
499	 (I)  	Thread ID 54812	Getting OpenGL entry points and extension
2075	 (I)  	Thread ID 54716	Service thread finished
2091	 (D)  	Thread ID 54812	Service thread destroyed
2091	 (i)  	Thread ID 54812	Logged fatal errors: 0, errors: 0, warnings: 0, titles: 9, infos: 9, debug info: 1
2091	 (i)  	Thread ID 54812	Log session shutdown
