0	 (I)  Log subsystem started in elapsed time mode.
156	 (i)  Temporary rendering context created
156	 (I)  Getting OpenGL entry points and extension
156	 (I)  
156	 (i)  OpenGL rendering context information:
156	 (i)  Renderer     : Intel(R) HD Graphics 4000
156	 (i)  Vendor       : Intel
156	 (i)  Version      : 3.3.0 - Build 8.15.10.2778
156	 (i)  GLSL version : 3.30 - Intel Build 8.15.10.2778
156	 (I)  
156	 (i)  Temporary rendering context destroyed
172	 (I)  Getting OpenGL entry points and extension
203	 (i)  Temporary rendering context created
203	 (I)  Getting OpenGL entry points and extension
203	 (i)  Temporary rendering context destroyed
203	 (I)  Getting OpenGL entry points and extension
219	 (i)  Temporary rendering context created
219	 (I)  Getting OpenGL entry points and extension
219	 (i)  Temporary rendering context destroyed
234	 (I)  Getting OpenGL entry points and extension
250	 (i)  Temporary rendering context created
250	 (I)  Getting OpenGL entry points and extension
250	 (i)  Temporary rendering context destroyed
250	 (I)  Getting OpenGL entry points and extension
19485	 (i)  Logged fatal errors: 0, errors: 0, warnings: 0, titles: 10, infos: 13, debug info: 0
19485	 (i)  Log session shutdown
